NAME	InducerComp_5x_NB_AB_REL_-IFI
VAR	binary	inducer	ontology	classifier
VAL	BIN	ULCA	BP|CC|MF	NB   
RES
OUT	1	1	0.0000	1.0000
OUT	1	1	0.0000	1.0000
OUT	1	1	0.0000	1.0000
OUT	0	0	1.0000	0.0000
OUT	0	1	0.1938	0.8062
OUT	1	1	0.0000	1.0000
OUT	0	0	1.0000	0.0000
OUT	1	1	0.0000	1.0000
OUT	1	1	0.0000	1.0000
OUT	1	0	1.0000	0.0000
OUT	1	1	0.0000	1.0000
OUT	0	0	0.8242	0.1758
OUT	1	1	0.0000	1.0000
OUT	0	0	1.0000	0.0000
OUT	0	0	1.0000	0.0000
OUT	1	1	0.0000	1.0000
OUT	1	1	0.0000	1.0000
OUT	1	1	0.0000	1.0000
OUT	0	0	0.9205	0.0795
OUT	1	1	0.0000	1.0000
OUT	0	0	1.0000	0.0000
OUT	1	1	0.0000	1.0000
OUT	1	0	0.9999	0.0001
OUT	1	0	0.9778	0.0222
OUT	1	1	0.0000	1.0000
OUT	0	0	0.9876	0.0124
OUT	0	1	0.0157	0.9843
OUT	0	0	1.0000	0.0000
OUT	0	0	1.0000	0.0000
OUT	1	1	0.2163	0.7837
OUT	1	1	0.0000	1.0000
OUT	0	0	1.0000	0.0000
OUT	1	1	0.0000	1.0000
OUT	0	0	1.0000	0.0000
OUT	1	1	0.0000	1.0000
OUT	1	1	0.0000	1.0000
OUT	1	1	0.0000	1.0000
OUT	1	1	0.0000	1.0000
OUT	0	0	1.0000	0.0000
OUT	0	0	0.9765	0.0235
OUT	1	1	0.0000	1.0000
OUT	0	1	0.0000	1.0000
OUT	0	0	1.0000	0.0000
OUT	1	1	0.0000	1.0000
OUT	0	1	0.0011	0.9989
OUT	1	1	0.0000	1.0000
OUT	0	0	1.0000	0.0000
OUT	1	1	0.0000	1.0000
OUT	0	0	0.9997	0.0003
OUT	0	0	0.7871	0.2129
OUT	0	0	1.0000	0.0000
OUT	0	0	0.9423	0.0577
OUT	0	0	0.9960	0.0040
OUT	1	1	0.0000	1.0000
OUT	1	0	1.0000	0.0000
OUT	0	0	1.0000	0.0000
OUT	0	0	1.0000	0.0000
OUT	1	1	0.0000	1.0000
OUT	0	0	1.0000	0.0000
OUT	1	1	0.0735	0.9265
OUT	1	1	0.0000	1.0000
OUT	0	0	1.0000	0.0000
OUT	1	1	0.0000	1.0000
OUT	0	0	1.0000	0.0000
OUT	1	0	1.0000	0.0000
OUT	0	0	1.0000	0.0000
OUT	0	0	1.0000	0.0000
OUT	0	0	1.0000	0.0000
OUT	0	1	0.0000	1.0000
OUT	0	1	0.0005	0.9995
OUT	1	1	0.0000	1.0000
OUT	1	1	0.0000	1.0000
OUT	0	0	1.0000	0.0000
OUT	0	1	0.0000	1.0000
OUT	1	1	0.0000	1.0000
OUT	0	0	1.0000	0.0000
OUT	0	0	1.0000	0.0000
OUT	0	0	1.0000	0.0000
OUT	0	0	1.0000	0.0000
OUT	0	1	0.0032	0.9968
OUT	1	1	0.0000	1.0000
OUT	1	1	0.0000	1.0000
OUT	0	0	0.9385	0.0615
OUT	1	0	1.0000	0.0000
OUT	0	0	1.0000	0.0000
OUT	1	1	0.0000	1.0000
OUT	1	1	0.0000	1.0000
OUT	1	1	0.0000	1.0000
OUT	0	0	1.0000	0.0000
OUT	0	0	1.0000	0.0000
OUT	1	0	1.0000	0.0000
OUT	1	1	0.0000	1.0000
OUT	0	0	1.0000	0.0000
OUT	0	1	0.0127	0.9873
OUT	1	1	0.0000	1.0000
OUT	0	1	0.0056	0.9944
OUT	1	0	1.0000	0.0000
OUT	0	0	1.0000	0.0000
OUT	1	0	1.0000	0.0000
OUT	1	1	0.0000	1.0000
OUT	0	0	1.0000	0.0000
OUT	0	1	0.1363	0.8637
OUT	0	1	0.0000	1.0000
OUT	0	0	1.0000	0.0000
OUT	1	1	0.0000	1.0000
OUT	0	0	0.9998	0.0002
OUT	1	0	1.0000	0.0000
OUT	0	0	1.0000	0.0000
OUT	1	1	0.0000	1.0000
OUT	0	0	1.0000	0.0000
OUT	1	1	0.0000	1.0000
OUT	1	0	0.8093	0.1907
OUT	1	1	0.0006	0.9994
OUT	0	0	0.9903	0.0097
OUT	1	1	0.0000	1.0000
OUT	0	0	1.0000	0.0000
OUT	1	1	0.0000	1.0000
OUT	1	1	0.0000	1.0000
OUT	0	0	1.0000	0.0000
OUT	1	1	0.0000	1.0000
OUT	0	1	0.0000	1.0000
OUT	0	0	0.9988	0.0012
OUT	0	0	1.0000	0.0000
OUT	1	1	0.0000	1.0000
OUT	0	0	1.0000	0.0000
OUT	1	1	0.0000	1.0000
OUT	0	0	1.0000	0.0000
OUT	0	0	0.9999	0.0001
OUT	1	1	0.0000	1.0000
OUT	0	0	0.9983	0.0017
OUT	1	1	0.0000	1.0000
OUT	0	1	0.0000	1.0000
OUT	1	1	0.0000	1.0000
OUT	0	0	1.0000	0.0000
OUT	0	0	1.0000	0.0000
OUT	1	0	1.0000	0.0000
OUT	1	1	0.0000	1.0000
OUT	0	0	1.0000	0.0000
OUT	1	1	0.0000	1.0000
OUT	1	1	0.0000	1.0000
OUT	0	1	0.0000	1.0000
OUT	1	1	0.0000	1.0000
OUT	0	0	1.0000	0.0000
OUT	1	0	1.0000	0.0000
OUT	0	0	0.6112	0.3888
OUT	1	1	0.0000	1.0000
OUT	0	0	1.0000	0.0000
OUT	1	1	0.0000	1.0000
OUT	1	0	0.9999	0.0001
OUT	1	1	0.0000	1.0000
OUT	0	0	1.0000	0.0000
OUT	1	1	0.0000	1.0000
OUT	0	0	1.0000	0.0000
OUT	0	0	1.0000	0.0000
OUT	1	1	0.0000	1.0000
OUT	0	0	1.0000	0.0000
OUT	0	0	1.0000	0.0000
OUT	0	0	1.0000	0.0000
OUT	1	1	0.0000	1.0000
OUT	1	1	0.0006	0.9994
OUT	1	1	0.0000	1.0000
OUT	1	1	0.0000	1.0000
OUT	1	1	0.0000	1.0000
OUT	1	0	1.0000	0.0000
OUT	0	0	0.9999	0.0001
OUT	1	1	0.0000	1.0000
OUT	0	0	0.9952	0.0048
OUT	1	1	0.0000	1.0000
OUT	1	0	1.0000	0.0000
OUT	0	0	1.0000	0.0000
OUT	1	0	1.0000	0.0000
OUT	0	1	0.0000	1.0000
OUT	1	1	0.0000	1.0000
OUT	0	0	1.0000	0.0000
OUT	0	0	1.0000	0.0000
OUT	0	0	1.0000	0.0000
OUT	1	1	0.0000	1.0000
OUT	0	0	1.0000	0.0000
OUT	0	0	1.0000	0.0000
OUT	1	1	0.0000	1.0000
OUT	0	1	0.0000	1.0000
OUT	0	0	0.8622	0.1378
OUT	0	0	1.0000	0.0000
OUT	0	0	1.0000	0.0000
OUT	0	0	1.0000	0.0000
OUT	1	0	0.9994	0.0006
OUT	1	0	0.9986	0.0014
OUT	0	0	1.0000	0.0000
OUT	1	1	0.0062	0.9938
OUT	0	0	1.0000	0.0000
OUT	0	1	0.4203	0.5797
OUT	1	1	0.0000	1.0000
OUT	0	0	1.0000	0.0000
OUT	0	1	0.0000	1.0000
OUT	1	1	0.0000	1.0000
OUT	0	1	0.0001	0.9999
OUT	0	0	1.0000	0.0000
OUT	1	1	0.0000	1.0000
OUT	0	1	0.0000	1.0000
OUT	0	0	1.0000	0.0000
OUT	1	1	0.0000	1.0000
OUT	1	0	0.9127	0.0873
OUT	1	1	0.0000	1.0000
OUT	0	1	0.0002	0.9998
OUT	1	1	0.0000	1.0000
OUT	0	0	1.0000	0.0000
OUT	1	0	1.0000	0.0000
OUT	0	0	0.6991	0.3009
OUT	0	0	1.0000	0.0000
OUT	1	1	0.0000	1.0000
OUT	1	1	0.0000	1.0000
OUT	1	1	0.0000	1.0000
OUT	1	1	0.0000	1.0000
OUT	0	0	1.0000	0.0000
OUT	1	1	0.0009	0.9991
OUT	0	0	1.0000	0.0000
OUT	0	0	1.0000	0.0000
OUT	1	1	0.0000	1.0000
OUT	0	1	0.0090	0.9910
OUT	1	1	0.0119	0.9881
OUT	0	1	0.0000	1.0000
OUT	1	1	0.0000	1.0000
OUT	1	1	0.0000	1.0000
OUT	1	1	0.0000	1.0000
OUT	1	0	1.0000	0.0000
OUT	1	1	0.0000	1.0000
OUT	1	1	0.0000	1.0000
OUT	0	0	1.0000	0.0000
OUT	1	1	0.0000	1.0000
OUT	1	1	0.0000	1.0000
OUT	1	0	0.9905	0.0095
OUT	1	1	0.0000	1.0000
OUT	1	1	0.0006	0.9994
OUT	0	1	0.1112	0.8888
OUT	0	0	1.0000	0.0000
OUT	0	0	0.9999	0.0001
OUT	0	0	0.9996	0.0004
OUT	1	0	1.0000	0.0000
OUT	0	0	1.0000	0.0000
OUT	1	1	0.0000	1.0000
OUT	0	1	0.0000	1.0000
OUT	0	0	1.0000	0.0000
OUT	1	1	0.2964	0.7036
OUT	0	0	1.0000	0.0000
OUT	1	1	0.0000	1.0000
OUT	0	1	0.2496	0.7504
OUT	0	0	1.0000	0.0000
OUT	1	0	1.0000	0.0000
OUT	0	0	1.0000	0.0000
OUT	1	1	0.0000	1.0000
OUT	0	1	0.0000	1.0000
OUT	1	1	0.0000	1.0000
OUT	1	1	0.0000	1.0000
OUT	1	1	0.0000	1.0000
OUT	1	0	1.0000	0.0000
OUT	0	0	0.9999	0.0001
OUT	1	1	0.0000	1.0000
OUT	0	0	0.9998	0.0002
OUT	0	0	1.0000	0.0000
OUT	1	1	0.0000	1.0000
OUT	0	0	1.0000	0.0000
OUT	0	0	1.0000	0.0000
OUT	0	0	1.0000	0.0000
OUT	1	1	0.0000	1.0000
OUT	1	1	0.0000	1.0000
OUT	0	0	1.0000	0.0000
OUT	1	1	0.0000	1.0000
OUT	0	0	1.0000	0.0000
OUT	0	0	1.0000	0.0000
OUT	0	0	1.0000	0.0000
OUT	0	1	0.0001	0.9999
OUT	1	1	0.0000	1.0000
OUT	0	1	0.0282	0.9718
OUT	0	1	0.0000	1.0000
OUT	0	1	0.0000	1.0000
OUT	0	0	1.0000	0.0000
OUT	1	1	0.0007	0.9993
OUT	1	1	0.0000	1.0000
OUT	1	1	0.0000	1.0000
OUT	1	1	0.0255	0.9745
OUT	0	0	1.0000	0.0000
OUT	1	1	0.0000	1.0000
OUT	1	1	0.0000	1.0000
OUT	0	0	1.0000	0.0000
OUT	1	1	0.0000	1.0000
OUT	0	1	0.0000	1.0000
OUT	1	1	0.0668	0.9332
OUT	1	1	0.0000	1.0000
OUT	1	1	0.0000	1.0000
OUT	1	1	0.0000	1.0000
OUT	1	1	0.0000	1.0000
OUT	1	0	0.9983	0.0017
OUT	0	0	1.0000	0.0000
OUT	0	1	0.2111	0.7889
OUT	0	0	0.9976	0.0024
OUT	1	1	0.0000	1.0000
OUT	1	1	0.0000	1.0000
OUT	1	1	0.0000	1.0000
OUT	1	1	0.0000	1.0000
RES
OUT	1	1	0.0000	1.0000
OUT	1	1	0.0000	1.0000
OUT	0	0	1.0000	0.0000
OUT	1	1	0.0000	1.0000
OUT	1	1	0.0000	1.0000
OUT	1	1	0.0000	1.0000
OUT	0	0	1.0000	0.0000
OUT	0	0	1.0000	0.0000
OUT	1	1	0.0000	1.0000
OUT	1	1	0.0019	0.9981
OUT	1	1	0.0000	1.0000
OUT	1	1	0.0000	1.0000
OUT	1	1	0.0000	1.0000
OUT	1	1	0.0000	1.0000
OUT	0	0	1.0000	0.0000
OUT	1	0	1.0000	0.0000
OUT	1	1	0.0000	1.0000
OUT	1	1	0.0022	0.9978
OUT	0	0	1.0000	0.0000
OUT	1	1	0.0000	1.0000
OUT	0	0	0.9959	0.0041
OUT	1	1	0.0000	1.0000
OUT	1	1	0.0000	1.0000
OUT	1	1	0.0000	1.0000
OUT	0	0	1.0000	0.0000
OUT	1	1	0.0000	1.0000
OUT	1	1	0.0000	1.0000
OUT	0	0	1.0000	0.0000
OUT	1	1	0.0000	1.0000
OUT	1	1	0.0000	1.0000
OUT	0	0	1.0000	0.0000
OUT	0	0	1.0000	0.0000
OUT	0	0	1.0000	0.0000
OUT	1	0	0.9914	0.0086
OUT	1	1	0.0000	1.0000
OUT	1	1	0.0000	1.0000
OUT	1	1	0.0000	1.0000
OUT	1	1	0.0116	0.9884
OUT	0	0	1.0000	0.0000
OUT	0	0	1.0000	0.0000
OUT	1	1	0.0000	1.0000
OUT	0	1	0.0000	1.0000
OUT	1	1	0.0000	1.0000
OUT	1	1	0.3339	0.6661
OUT	0	0	1.0000	0.0000
OUT	0	1	0.0000	1.0000
OUT	0	0	1.0000	0.0000
OUT	1	1	0.0000	1.0000
OUT	0	0	1.0000	0.0000
OUT	0	1	0.0000	1.0000
OUT	1	1	0.0000	1.0000
OUT	0	1	0.0000	1.0000
OUT	0	0	1.0000	0.0000
OUT	1	1	0.0000	1.0000
OUT	1	1	0.0000	1.0000
OUT	0	0	1.0000	0.0000
OUT	0	0	1.0000	0.0000
OUT	0	0	1.0000	0.0000
OUT	0	1	0.0000	1.0000
OUT	0	1	0.0006	0.9994
OUT	0	0	1.0000	0.0000
OUT	1	1	0.0000	1.0000
OUT	1	1	0.0000	1.0000
OUT	1	1	0.0000	1.0000
OUT	0	0	1.0000	0.0000
OUT	1	1	0.0000	1.0000
OUT	1	1	0.0000	1.0000
OUT	0	0	0.7290	0.2710
OUT	1	1	0.0000	1.0000
OUT	1	1	0.0000	1.0000
OUT	1	1	0.0000	1.0000
OUT	0	0	1.0000	0.0000
OUT	1	1	0.0001	0.9999
OUT	1	1	0.0000	1.0000
OUT	1	1	0.0000	1.0000
OUT	0	0	1.0000	0.0000
OUT	0	0	1.0000	0.0000
OUT	0	1	0.0000	1.0000
OUT	1	0	1.0000	0.0000
OUT	0	1	0.0000	1.0000
OUT	0	1	0.0145	0.9855
OUT	0	0	1.0000	0.0000
OUT	0	0	1.0000	0.0000
OUT	1	1	0.0000	1.0000
OUT	1	0	1.0000	0.0000
OUT	0	1	0.0012	0.9988
OUT	0	0	1.0000	0.0000
OUT	1	1	0.0000	1.0000
OUT	0	1	0.2031	0.7969
OUT	0	0	1.0000	0.0000
OUT	0	0	1.0000	0.0000
OUT	0	0	1.0000	0.0000
OUT	1	1	0.0000	1.0000
OUT	1	1	0.0000	1.0000
OUT	0	0	1.0000	0.0000
OUT	0	1	0.0018	0.9982
OUT	1	0	1.0000	0.0000
OUT	1	0	1.0000	0.0000
OUT	0	0	1.0000	0.0000
OUT	1	0	1.0000	0.0000
OUT	1	1	0.0000	1.0000
OUT	1	1	0.0000	1.0000
OUT	0	0	0.7220	0.2780
OUT	1	1	0.0000	1.0000
OUT	1	1	0.0000	1.0000
OUT	0	1	0.0000	1.0000
OUT	0	0	1.0000	0.0000
OUT	0	0	1.0000	0.0000
OUT	1	1	0.0000	1.0000
OUT	0	0	1.0000	0.0000
OUT	0	0	1.0000	0.0000
OUT	1	1	0.0000	1.0000
OUT	0	0	1.0000	0.0000
OUT	0	0	1.0000	0.0000
OUT	1	0	1.0000	0.0000
OUT	0	0	1.0000	0.0000
OUT	0	0	1.0000	0.0000
OUT	1	1	0.0000	1.0000
OUT	0	0	1.0000	0.0000
OUT	0	1	0.0000	1.0000
OUT	1	1	0.1239	0.8761
OUT	0	0	0.9997	0.0003
OUT	0	0	1.0000	0.0000
OUT	1	1	0.0000	1.0000
OUT	0	0	1.0000	0.0000
OUT	1	1	0.0000	1.0000
OUT	1	1	0.0000	1.0000
OUT	1	1	0.0000	1.0000
OUT	1	1	0.0000	1.0000
OUT	1	1	0.0000	1.0000
OUT	1	1	0.0000	1.0000
OUT	1	1	0.0000	1.0000
OUT	1	1	0.0000	1.0000
OUT	0	0	0.9999	0.0001
OUT	0	0	1.0000	0.0000
OUT	1	0	0.9973	0.0027
OUT	0	0	1.0000	0.0000
OUT	1	1	0.0000	1.0000
OUT	0	0	1.0000	0.0000
OUT	0	0	1.0000	0.0000
OUT	1	1	0.0000	1.0000
OUT	1	1	0.0000	1.0000
OUT	1	1	0.0000	1.0000
OUT	1	0	1.0000	0.0000
OUT	1	1	0.0000	1.0000
OUT	0	1	0.0000	1.0000
OUT	0	0	1.0000	0.0000
OUT	1	1	0.0000	1.0000
OUT	0	0	1.0000	0.0000
OUT	1	1	0.0000	1.0000
OUT	0	1	0.0000	1.0000
OUT	1	1	0.0000	1.0000
OUT	0	0	0.9995	0.0005
OUT	1	1	0.0914	0.9086
OUT	0	0	1.0000	0.0000
OUT	1	1	0.0000	1.0000
OUT	1	1	0.0000	1.0000
OUT	1	1	0.0000	1.0000
OUT	1	1	0.0000	1.0000
OUT	1	1	0.0000	1.0000
OUT	0	0	1.0000	0.0000
OUT	1	1	0.0000	1.0000
OUT	0	0	1.0000	0.0000
OUT	1	1	0.0000	1.0000
OUT	1	1	0.0000	1.0000
OUT	1	1	0.0233	0.9767
OUT	1	1	0.0000	1.0000
OUT	1	1	0.0000	1.0000
OUT	0	0	1.0000	0.0000
OUT	1	1	0.2882	0.7118
OUT	0	1	0.0000	1.0000
OUT	0	0	1.0000	0.0000
OUT	1	1	0.0000	1.0000
OUT	0	0	1.0000	0.0000
OUT	1	1	0.0000	1.0000
OUT	0	0	1.0000	0.0000
OUT	1	1	0.0000	1.0000
OUT	1	1	0.0006	0.9994
OUT	0	1	0.0000	1.0000
OUT	0	0	1.0000	0.0000
OUT	0	1	0.0009	0.9991
OUT	1	1	0.0000	1.0000
OUT	0	1	0.0000	1.0000
OUT	1	1	0.0000	1.0000
OUT	1	1	0.0000	1.0000
OUT	0	0	1.0000	0.0000
OUT	0	0	0.9898	0.0102
OUT	1	0	1.0000	0.0000
OUT	0	0	1.0000	0.0000
OUT	0	1	0.0000	1.0000
OUT	1	1	0.0000	1.0000
OUT	1	1	0.0000	1.0000
OUT	0	0	1.0000	0.0000
OUT	1	1	0.0000	1.0000
OUT	1	1	0.0000	1.0000
OUT	0	1	0.0024	0.9976
OUT	0	1	0.0000	1.0000
OUT	0	1	0.0782	0.9218
OUT	0	0	1.0000	0.0000
OUT	0	0	1.0000	0.0000
OUT	0	1	0.0047	0.9953
OUT	0	0	1.0000	0.0000
OUT	1	1	0.0000	1.0000
OUT	0	0	1.0000	0.0000
OUT	0	0	1.0000	0.0000
OUT	1	1	0.0000	1.0000
OUT	1	1	0.0000	1.0000
OUT	1	1	0.0000	1.0000
OUT	0	0	1.0000	0.0000
OUT	1	1	0.0000	1.0000
OUT	0	0	1.0000	0.0000
OUT	1	1	0.0000	1.0000
OUT	1	1	0.0000	1.0000
OUT	1	0	1.0000	0.0000
OUT	0	0	1.0000	0.0000
OUT	0	0	0.9999	0.0001
OUT	1	1	0.0000	1.0000
OUT	0	0	0.9999	0.0001
OUT	0	1	0.0000	1.0000
OUT	1	1	0.0000	1.0000
OUT	1	1	0.0000	1.0000
OUT	0	0	1.0000	0.0000
OUT	1	1	0.0000	1.0000
OUT	1	1	0.0000	1.0000
OUT	0	1	0.0000	1.0000
OUT	1	1	0.0000	1.0000
OUT	1	1	0.0000	1.0000
OUT	1	1	0.0000	1.0000
OUT	0	1	0.0000	1.0000
OUT	1	1	0.0000	1.0000
OUT	0	1	0.0208	0.9792
OUT	1	0	0.9719	0.0281
OUT	1	1	0.0000	1.0000
OUT	0	0	1.0000	0.0000
OUT	0	0	1.0000	0.0000
OUT	0	0	1.0000	0.0000
OUT	0	0	1.0000	0.0000
OUT	0	0	1.0000	0.0000
OUT	0	0	1.0000	0.0000
OUT	0	0	1.0000	0.0000
OUT	0	1	0.0000	1.0000
OUT	1	1	0.0000	1.0000
OUT	1	1	0.0000	1.0000
OUT	0	0	1.0000	0.0000
OUT	1	0	0.9986	0.0014
OUT	1	1	0.0000	1.0000
OUT	1	1	0.0000	1.0000
OUT	0	0	1.0000	0.0000
OUT	0	0	1.0000	0.0000
OUT	1	1	0.0000	1.0000
OUT	1	1	0.0000	1.0000
OUT	0	0	1.0000	0.0000
OUT	1	1	0.0000	1.0000
OUT	1	1	0.0018	0.9982
OUT	1	0	1.0000	0.0000
OUT	1	0	1.0000	0.0000
OUT	1	1	0.0000	1.0000
OUT	0	0	0.9882	0.0118
OUT	1	0	1.0000	0.0000
OUT	0	1	0.0000	1.0000
OUT	0	0	1.0000	0.0000
OUT	1	1	0.0000	1.0000
OUT	0	0	1.0000	0.0000
OUT	0	0	1.0000	0.0000
OUT	1	0	1.0000	0.0000
OUT	0	0	1.0000	0.0000
OUT	0	0	1.0000	0.0000
OUT	0	1	0.0000	1.0000
OUT	0	0	1.0000	0.0000
OUT	1	0	1.0000	0.0000
OUT	0	0	1.0000	0.0000
OUT	0	0	1.0000	0.0000
OUT	0	0	1.0000	0.0000
OUT	0	0	1.0000	0.0000
OUT	1	0	1.0000	0.0000
OUT	0	0	1.0000	0.0000
OUT	1	0	1.0000	0.0000
OUT	1	0	0.7550	0.2450
OUT	1	1	0.0000	1.0000
OUT	1	1	0.0000	1.0000
OUT	1	1	0.0000	1.0000
OUT	0	0	1.0000	0.0000
OUT	1	1	0.0000	1.0000
OUT	0	0	1.0000	0.0000
OUT	1	1	0.0000	1.0000
OUT	0	0	1.0000	0.0000
OUT	1	1	0.0247	0.9753
OUT	1	0	0.9643	0.0357
OUT	1	1	0.0000	1.0000
OUT	0	0	1.0000	0.0000
OUT	1	1	0.0000	1.0000
OUT	0	1	0.0000	1.0000
OUT	1	0	0.5491	0.4509
OUT	0	1	0.0000	1.0000
OUT	0	0	1.0000	0.0000
OUT	0	1	0.0000	1.0000
OUT	1	1	0.0000	1.0000
OUT	1	1	0.0000	1.0000
OUT	1	1	0.0000	1.0000
OUT	1	1	0.0000	1.0000
RES
OUT	0	0	1.0000	0.0000
OUT	1	0	0.9940	0.0060
OUT	1	1	0.0000	1.0000
OUT	0	0	1.0000	0.0000
OUT	0	0	1.0000	0.0000
OUT	0	1	0.2364	0.7636
OUT	1	1	0.0000	1.0000
OUT	1	1	0.0000	1.0000
OUT	1	1	0.0000	1.0000
OUT	1	1	0.0000	1.0000
OUT	1	0	1.0000	0.0000
OUT	1	1	0.0000	1.0000
OUT	0	1	0.0000	1.0000
OUT	1	1	0.0000	1.0000
OUT	1	1	0.0000	1.0000
OUT	0	0	0.9982	0.0018
OUT	0	0	1.0000	0.0000
OUT	0	0	1.0000	0.0000
OUT	0	0	1.0000	0.0000
OUT	1	1	0.0000	1.0000
OUT	0	1	0.0003	0.9997
OUT	1	1	0.0000	1.0000
OUT	0	0	1.0000	0.0000
OUT	0	0	1.0000	0.0000
OUT	0	0	1.0000	0.0000
OUT	0	0	1.0000	0.0000
OUT	1	1	0.0242	0.9758
OUT	0	0	1.0000	0.0000
OUT	1	1	0.0000	1.0000
OUT	1	1	0.0000	1.0000
OUT	0	0	1.0000	0.0000
OUT	0	0	1.0000	0.0000
OUT	1	1	0.0000	1.0000
OUT	0	0	1.0000	0.0000
OUT	1	1	0.0000	1.0000
OUT	1	1	0.0006	0.9994
OUT	0	0	1.0000	0.0000
OUT	0	1	0.0000	1.0000
OUT	1	1	0.0000	1.0000
OUT	1	1	0.0000	1.0000
OUT	1	1	0.0000	1.0000
OUT	1	1	0.0000	1.0000
OUT	1	1	0.0000	1.0000
OUT	0	0	1.0000	0.0000
OUT	1	1	0.0000	1.0000
OUT	1	1	0.0000	1.0000
OUT	1	1	0.0000	1.0000
OUT	0	0	1.0000	0.0000
OUT	0	0	0.9998	0.0002
OUT	1	1	0.0000	1.0000
OUT	0	0	1.0000	0.0000
OUT	1	0	1.0000	0.0000
OUT	1	1	0.0000	1.0000
OUT	0	0	1.0000	0.0000
OUT	1	1	0.0000	1.0000
OUT	0	0	0.9996	0.0004
OUT	1	1	0.0000	1.0000
OUT	1	1	0.0000	1.0000
OUT	0	0	1.0000	0.0000
OUT	1	1	0.0954	0.9046
OUT	0	0	1.0000	0.0000
OUT	1	1	0.0000	1.0000
OUT	0	0	1.0000	0.0000
OUT	1	1	0.0000	1.0000
OUT	0	0	0.9971	0.0029
OUT	0	0	1.0000	0.0000
OUT	1	1	0.0000	1.0000
OUT	1	1	0.0000	1.0000
OUT	0	0	1.0000	0.0000
OUT	0	0	1.0000	0.0000
OUT	1	1	0.0000	1.0000
OUT	1	1	0.0000	1.0000
OUT	1	1	0.0000	1.0000
OUT	1	1	0.0000	1.0000
OUT	1	1	0.0000	1.0000
OUT	1	1	0.0000	1.0000
OUT	0	0	1.0000	0.0000
OUT	0	0	1.0000	0.0000
OUT	1	1	0.0000	1.0000
OUT	0	0	1.0000	0.0000
OUT	1	1	0.0000	1.0000
OUT	1	0	1.0000	0.0000
OUT	1	1	0.0000	1.0000
OUT	1	0	0.9999	0.0001
OUT	1	0	1.0000	0.0000
OUT	0	0	1.0000	0.0000
OUT	1	1	0.0000	1.0000
OUT	1	1	0.0000	1.0000
OUT	0	0	1.0000	0.0000
OUT	0	0	1.0000	0.0000
OUT	1	1	0.0000	1.0000
OUT	0	0	1.0000	0.0000
OUT	1	1	0.0000	1.0000
OUT	0	1	0.0003	0.9997
OUT	0	1	0.0000	1.0000
OUT	1	1	0.0000	1.0000
OUT	0	0	1.0000	0.0000
OUT	0	0	0.9994	0.0006
OUT	1	1	0.0000	1.0000
OUT	0	0	1.0000	0.0000
OUT	0	0	1.0000	0.0000
OUT	0	0	0.6236	0.3764
OUT	0	0	1.0000	0.0000
OUT	1	0	1.0000	0.0000
OUT	0	0	1.0000	0.0000
OUT	0	1	0.0000	1.0000
OUT	1	1	0.0000	1.0000
OUT	1	1	0.0000	1.0000
OUT	0	0	1.0000	0.0000
OUT	0	0	1.0000	0.0000
OUT	1	1	0.0000	1.0000
OUT	0	0	1.0000	0.0000
OUT	0	0	1.0000	0.0000
OUT	0	0	1.0000	0.0000
OUT	0	0	1.0000	0.0000
OUT	1	1	0.0000	1.0000
OUT	0	0	1.0000	0.0000
OUT	1	1	0.0000	1.0000
OUT	0	0	1.0000	0.0000
OUT	0	0	1.0000	0.0000
OUT	1	0	0.9956	0.0044
OUT	0	0	1.0000	0.0000
OUT	1	0	1.0000	0.0000
OUT	1	0	0.9912	0.0088
OUT	1	1	0.0000	1.0000
OUT	1	1	0.0000	1.0000
OUT	1	1	0.0000	1.0000
OUT	0	1	0.0000	1.0000
OUT	0	1	0.0001	0.9999
OUT	0	0	1.0000	0.0000
OUT	1	1	0.0000	1.0000
OUT	0	0	1.0000	0.0000
OUT	0	0	1.0000	0.0000
OUT	1	1	0.0000	1.0000
OUT	0	0	1.0000	0.0000
OUT	0	0	0.9998	0.0002
OUT	0	0	1.0000	0.0000
OUT	0	0	1.0000	0.0000
OUT	1	1	0.0000	1.0000
OUT	0	0	1.0000	0.0000
OUT	1	1	0.0000	1.0000
OUT	0	0	0.9995	0.0005
OUT	0	0	1.0000	0.0000
OUT	1	1	0.0000	1.0000
OUT	1	0	1.0000	0.0000
OUT	0	0	1.0000	0.0000
OUT	0	1	0.0000	1.0000
OUT	0	0	1.0000	0.0000
OUT	1	1	0.0000	1.0000
OUT	0	0	1.0000	0.0000
OUT	1	1	0.0000	1.0000
OUT	1	1	0.0000	1.0000
OUT	1	0	0.9989	0.0011
OUT	1	1	0.0000	1.0000
OUT	0	1	0.0318	0.9682
OUT	0	0	1.0000	0.0000
OUT	0	1	0.0000	1.0000
OUT	0	0	1.0000	0.0000
OUT	0	0	1.0000	0.0000
OUT	0	0	1.0000	0.0000
OUT	1	0	0.9191	0.0809
OUT	0	1	0.0015	0.9985
OUT	1	0	1.0000	0.0000
OUT	1	1	0.0000	1.0000
OUT	1	1	0.0000	1.0000
OUT	0	0	1.0000	0.0000
OUT	0	0	0.9973	0.0027
OUT	0	0	0.7471	0.2529
OUT	1	1	0.0000	1.0000
OUT	1	1	0.0000	1.0000
OUT	1	1	0.0000	1.0000
OUT	1	1	0.0057	0.9943
OUT	1	1	0.0000	1.0000
OUT	0	1	0.0000	1.0000
OUT	1	1	0.0000	1.0000
OUT	1	1	0.0000	1.0000
OUT	1	1	0.0000	1.0000
OUT	1	0	0.9604	0.0396
OUT	1	1	0.0000	1.0000
OUT	0	1	0.0000	1.0000
OUT	0	0	1.0000	0.0000
OUT	0	0	0.9989	0.0011
OUT	0	1	0.0000	1.0000
OUT	1	1	0.0000	1.0000
OUT	0	1	0.3251	0.6749
OUT	1	1	0.0000	1.0000
OUT	1	1	0.0000	1.0000
OUT	1	1	0.0000	1.0000
OUT	1	1	0.0000	1.0000
OUT	1	0	1.0000	0.0000
OUT	1	1	0.0000	1.0000
OUT	1	1	0.0000	1.0000
OUT	0	1	0.0000	1.0000
OUT	1	1	0.0000	1.0000
OUT	1	1	0.0000	1.0000
OUT	1	1	0.0000	1.0000
OUT	1	0	1.0000	0.0000
OUT	0	0	1.0000	0.0000
OUT	1	1	0.0000	1.0000
OUT	0	0	1.0000	0.0000
OUT	0	0	1.0000	0.0000
OUT	0	0	1.0000	0.0000
OUT	0	0	1.0000	0.0000
OUT	1	1	0.0000	1.0000
OUT	0	1	0.0085	0.9915
OUT	0	1	0.0000	1.0000
OUT	1	1	0.0001	0.9999
OUT	1	1	0.0000	1.0000
OUT	0	0	1.0000	0.0000
OUT	1	1	0.0032	0.9968
OUT	1	1	0.0000	1.0000
OUT	1	0	0.9951	0.0049
OUT	1	0	0.9760	0.0240
OUT	0	0	1.0000	0.0000
OUT	1	1	0.0000	1.0000
OUT	1	1	0.0000	1.0000
OUT	1	0	0.9888	0.0112
OUT	0	0	1.0000	0.0000
OUT	1	1	0.0000	1.0000
OUT	1	1	0.0000	1.0000
OUT	0	1	0.0000	1.0000
OUT	1	1	0.0000	1.0000
OUT	0	0	0.6411	0.3589
OUT	0	0	1.0000	0.0000
OUT	0	0	1.0000	0.0000
OUT	0	0	1.0000	0.0000
OUT	0	0	1.0000	0.0000
OUT	1	1	0.0000	1.0000
OUT	1	0	1.0000	0.0000
OUT	1	1	0.0000	1.0000
OUT	0	0	1.0000	0.0000
OUT	0	1	0.0011	0.9989
OUT	0	0	1.0000	0.0000
OUT	0	0	1.0000	0.0000
OUT	0	0	1.0000	0.0000
OUT	1	0	0.9956	0.0044
OUT	1	1	0.0000	1.0000
OUT	0	1	0.0000	1.0000
OUT	1	0	0.9933	0.0067
OUT	1	1	0.0000	1.0000
OUT	0	0	1.0000	0.0000
OUT	1	0	0.8404	0.1596
OUT	1	1	0.0000	1.0000
OUT	0	0	1.0000	0.0000
OUT	0	0	1.0000	0.0000
OUT	0	0	1.0000	0.0000
OUT	1	1	0.0000	1.0000
OUT	0	0	1.0000	0.0000
OUT	0	0	1.0000	0.0000
OUT	1	1	0.0000	1.0000
OUT	0	0	1.0000	0.0000
OUT	0	1	0.2974	0.7026
OUT	1	1	0.0000	1.0000
OUT	0	0	1.0000	0.0000
OUT	1	1	0.0000	1.0000
OUT	0	1	0.0394	0.9606
OUT	1	1	0.0000	1.0000
OUT	1	1	0.1153	0.8847
OUT	1	1	0.0000	1.0000
OUT	1	0	1.0000	0.0000
OUT	1	1	0.0000	1.0000
OUT	0	1	0.0000	1.0000
OUT	1	1	0.0000	1.0000
OUT	0	0	1.0000	0.0000
OUT	1	1	0.0000	1.0000
OUT	1	1	0.0000	1.0000
OUT	0	0	1.0000	0.0000
OUT	0	0	1.0000	0.0000
OUT	1	1	0.0000	1.0000
OUT	0	0	1.0000	0.0000
OUT	0	0	1.0000	0.0000
OUT	0	0	1.0000	0.0000
OUT	0	0	1.0000	0.0000
OUT	0	0	0.9938	0.0062
OUT	1	1	0.0000	1.0000
OUT	1	1	0.0000	1.0000
OUT	0	1	0.0000	1.0000
OUT	0	0	0.9998	0.0002
OUT	1	1	0.0000	1.0000
OUT	0	0	1.0000	0.0000
OUT	1	1	0.0000	1.0000
OUT	1	1	0.0000	1.0000
OUT	0	0	0.9968	0.0032
OUT	1	1	0.0000	1.0000
OUT	1	1	0.0000	1.0000
OUT	0	0	1.0000	0.0000
OUT	1	0	1.0000	0.0000
OUT	0	0	1.0000	0.0000
OUT	0	0	1.0000	0.0000
OUT	0	0	1.0000	0.0000
OUT	1	1	0.0000	1.0000
OUT	0	0	1.0000	0.0000
OUT	0	0	1.0000	0.0000
OUT	1	1	0.0000	1.0000
OUT	1	1	0.0000	1.0000
OUT	0	0	1.0000	0.0000
OUT	1	1	0.0000	1.0000
OUT	0	1	0.0000	1.0000
OUT	0	0	0.9182	0.0818
RES
OUT	0	0	1.0000	0.0000
OUT	0	0	1.0000	0.0000
OUT	0	0	1.0000	0.0000
OUT	1	0	1.0000	0.0000
OUT	1	1	0.0000	1.0000
OUT	1	1	0.0000	1.0000
OUT	0	0	0.9999	0.0001
OUT	0	1	0.0000	1.0000
OUT	0	0	1.0000	0.0000
OUT	0	0	1.0000	0.0000
OUT	0	0	1.0000	0.0000
OUT	0	0	1.0000	0.0000
OUT	0	0	1.0000	0.0000
OUT	0	0	0.9966	0.0034
OUT	1	1	0.0000	1.0000
OUT	0	1	0.0000	1.0000
OUT	0	0	1.0000	0.0000
OUT	0	0	0.9990	0.0010
OUT	1	1	0.0000	1.0000
OUT	0	0	0.9914	0.0086
OUT	1	0	1.0000	0.0000
OUT	0	1	0.0000	1.0000
OUT	0	0	1.0000	0.0000
OUT	0	0	1.0000	0.0000
OUT	1	1	0.0000	1.0000
OUT	0	0	1.0000	0.0000
OUT	0	0	1.0000	0.0000
OUT	1	0	1.0000	0.0000
OUT	0	0	1.0000	0.0000
OUT	1	1	0.0000	1.0000
OUT	1	0	1.0000	0.0000
OUT	0	0	0.9974	0.0026
OUT	0	1	0.0002	0.9998
OUT	0	0	1.0000	0.0000
OUT	1	1	0.0000	1.0000
OUT	1	1	0.0000	1.0000
OUT	1	1	0.0000	1.0000
OUT	1	1	0.0000	1.0000
OUT	1	0	0.9085	0.0915
OUT	1	1	0.0000	1.0000
OUT	1	0	0.8981	0.1019
OUT	1	1	0.0000	1.0000
OUT	0	1	0.0000	1.0000
OUT	1	1	0.0001	0.9999
OUT	1	1	0.0000	1.0000
OUT	1	1	0.0000	1.0000
OUT	0	0	1.0000	0.0000
OUT	1	1	0.0000	1.0000
OUT	0	1	0.0000	1.0000
OUT	1	1	0.0000	1.0000
OUT	1	1	0.0000	1.0000
OUT	1	1	0.0000	1.0000
OUT	0	0	1.0000	0.0000
OUT	1	1	0.0000	1.0000
OUT	0	0	1.0000	0.0000
OUT	1	1	0.0000	1.0000
OUT	0	0	1.0000	0.0000
OUT	1	1	0.0000	1.0000
OUT	0	1	0.0000	1.0000
OUT	0	0	1.0000	0.0000
OUT	1	1	0.0000	1.0000
OUT	0	0	1.0000	0.0000
OUT	1	1	0.0000	1.0000
OUT	1	1	0.0000	1.0000
OUT	0	1	0.0000	1.0000
OUT	1	1	0.0550	0.9450
OUT	1	0	0.5396	0.4604
OUT	0	0	1.0000	0.0000
OUT	1	1	0.0000	1.0000
OUT	1	1	0.0000	1.0000
OUT	0	0	1.0000	0.0000
OUT	0	1	0.0000	1.0000
OUT	0	0	1.0000	0.0000
OUT	0	0	0.9997	0.0003
OUT	0	0	1.0000	0.0000
OUT	1	0	1.0000	0.0000
OUT	0	0	1.0000	0.0000
OUT	0	0	1.0000	0.0000
OUT	1	1	0.0000	1.0000
OUT	0	0	1.0000	0.0000
OUT	1	1	0.0000	1.0000
OUT	0	1	0.0000	1.0000
OUT	1	1	0.0000	1.0000
OUT	1	1	0.0000	1.0000
OUT	1	0	0.9999	0.0001
OUT	0	0	1.0000	0.0000
OUT	1	1	0.0000	1.0000
OUT	1	1	0.0000	1.0000
OUT	0	1	0.0000	1.0000
OUT	0	0	1.0000	0.0000
OUT	0	0	1.0000	0.0000
OUT	0	1	0.1771	0.8229
OUT	0	0	1.0000	0.0000
OUT	0	0	1.0000	0.0000
OUT	0	0	1.0000	0.0000
OUT	1	1	0.0000	1.0000
OUT	0	1	0.0000	1.0000
OUT	0	0	1.0000	0.0000
OUT	0	1	0.0000	1.0000
OUT	0	0	1.0000	0.0000
OUT	0	0	1.0000	0.0000
OUT	0	1	0.0003	0.9997
OUT	1	1	0.0003	0.9997
OUT	1	0	0.9811	0.0189
OUT	0	0	1.0000	0.0000
OUT	1	1	0.0000	1.0000
OUT	0	1	0.0000	1.0000
OUT	0	0	1.0000	0.0000
OUT	0	0	0.9997	0.0003
OUT	0	0	1.0000	0.0000
OUT	1	1	0.0000	1.0000
OUT	1	1	0.0000	1.0000
OUT	0	1	0.1656	0.8344
OUT	0	0	1.0000	0.0000
OUT	1	1	0.0000	1.0000
OUT	0	0	1.0000	0.0000
OUT	0	0	1.0000	0.0000
OUT	1	1	0.0000	1.0000
OUT	0	0	1.0000	0.0000
OUT	1	1	0.0000	1.0000
OUT	0	0	1.0000	0.0000
OUT	1	0	0.5742	0.4258
OUT	1	1	0.0000	1.0000
OUT	1	0	1.0000	0.0000
OUT	1	1	0.0001	0.9999
OUT	1	1	0.0079	0.9921
OUT	1	1	0.0000	1.0000
OUT	1	0	0.9991	0.0009
OUT	0	0	1.0000	0.0000
OUT	1	1	0.0000	1.0000
OUT	1	1	0.0000	1.0000
OUT	1	0	0.9952	0.0048
OUT	1	1	0.0006	0.9994
OUT	0	0	0.8492	0.1508
OUT	1	1	0.0000	1.0000
OUT	0	0	1.0000	0.0000
OUT	0	1	0.0000	1.0000
OUT	0	0	1.0000	0.0000
OUT	0	0	1.0000	0.0000
OUT	1	1	0.0000	1.0000
OUT	0	0	1.0000	0.0000
OUT	0	0	1.0000	0.0000
OUT	0	0	1.0000	0.0000
OUT	0	0	1.0000	0.0000
OUT	0	0	1.0000	0.0000
OUT	0	1	0.0000	1.0000
OUT	0	0	1.0000	0.0000
OUT	0	0	0.9999	0.0001
OUT	1	0	1.0000	0.0000
OUT	0	0	1.0000	0.0000
OUT	1	1	0.0000	1.0000
OUT	0	1	0.0000	1.0000
OUT	0	0	1.0000	0.0000
OUT	1	1	0.0000	1.0000
OUT	0	0	1.0000	0.0000
OUT	1	1	0.0000	1.0000
OUT	0	0	0.9993	0.0007
OUT	1	1	0.0000	1.0000
OUT	1	1	0.0000	1.0000
OUT	0	1	0.0000	1.0000
OUT	0	0	0.9044	0.0956
OUT	1	0	1.0000	0.0000
OUT	1	1	0.0000	1.0000
OUT	0	0	1.0000	0.0000
OUT	1	1	0.0000	1.0000
OUT	0	1	0.0000	1.0000
OUT	1	1	0.0000	1.0000
OUT	0	0	1.0000	0.0000
OUT	1	1	0.0000	1.0000
OUT	1	0	1.0000	0.0000
OUT	0	0	1.0000	0.0000
OUT	1	0	1.0000	0.0000
OUT	1	1	0.0000	1.0000
OUT	0	0	1.0000	0.0000
OUT	1	1	0.0000	1.0000
OUT	1	1	0.0000	1.0000
OUT	1	0	0.7958	0.2042
OUT	0	0	0.9436	0.0564
OUT	1	1	0.0181	0.9819
OUT	0	1	0.0067	0.9933
OUT	0	0	1.0000	0.0000
OUT	0	0	1.0000	0.0000
OUT	1	1	0.0000	1.0000
OUT	0	0	1.0000	0.0000
OUT	1	1	0.0079	0.9921
OUT	0	0	0.7805	0.2195
OUT	0	0	0.7549	0.2451
OUT	0	1	0.0000	1.0000
OUT	1	1	0.0000	1.0000
OUT	0	1	0.0769	0.9231
OUT	0	0	0.9938	0.0062
OUT	0	0	0.5789	0.4211
OUT	1	1	0.0000	1.0000
OUT	1	1	0.0000	1.0000
OUT	1	1	0.0000	1.0000
OUT	1	1	0.0000	1.0000
OUT	0	1	0.0000	1.0000
OUT	1	0	1.0000	0.0000
OUT	1	1	0.0000	1.0000
OUT	0	0	1.0000	0.0000
OUT	0	0	1.0000	0.0000
OUT	0	1	0.0640	0.9360
OUT	0	0	1.0000	0.0000
OUT	1	1	0.0000	1.0000
OUT	1	1	0.0000	1.0000
OUT	0	0	1.0000	0.0000
OUT	1	1	0.0000	1.0000
OUT	1	1	0.0000	1.0000
OUT	1	1	0.1594	0.8406
OUT	1	1	0.0000	1.0000
OUT	1	1	0.0000	1.0000
OUT	1	0	1.0000	0.0000
OUT	0	1	0.0000	1.0000
OUT	1	1	0.0076	0.9924
OUT	0	0	1.0000	0.0000
OUT	1	1	0.0000	1.0000
OUT	1	0	1.0000	0.0000
OUT	0	0	1.0000	0.0000
OUT	1	1	0.0000	1.0000
OUT	1	1	0.0000	1.0000
OUT	0	1	0.0000	1.0000
OUT	1	1	0.0000	1.0000
OUT	0	0	1.0000	0.0000
OUT	1	1	0.0000	1.0000
OUT	0	0	1.0000	0.0000
OUT	1	1	0.0000	1.0000
OUT	1	0	0.9975	0.0025
OUT	1	1	0.0000	1.0000
OUT	0	0	1.0000	0.0000
OUT	1	1	0.0000	1.0000
OUT	1	1	0.0000	1.0000
OUT	0	0	0.5060	0.4940
OUT	0	0	1.0000	0.0000
OUT	1	1	0.0000	1.0000
OUT	1	1	0.0000	1.0000
OUT	0	0	1.0000	0.0000
OUT	1	1	0.0000	1.0000
OUT	0	1	0.0000	1.0000
OUT	1	1	0.0000	1.0000
OUT	0	1	0.0001	0.9999
OUT	1	1	0.0000	1.0000
OUT	0	0	1.0000	0.0000
OUT	0	0	1.0000	0.0000
OUT	0	1	0.0000	1.0000
OUT	1	1	0.0000	1.0000
OUT	0	0	1.0000	0.0000
OUT	1	1	0.0000	1.0000
OUT	0	1	0.0054	0.9946
OUT	0	1	0.0000	1.0000
OUT	0	0	0.9924	0.0076
OUT	0	0	1.0000	0.0000
OUT	1	1	0.0000	1.0000
OUT	0	0	1.0000	0.0000
OUT	0	0	1.0000	0.0000
OUT	0	0	1.0000	0.0000
OUT	0	0	1.0000	0.0000
OUT	0	0	1.0000	0.0000
OUT	1	1	0.0000	1.0000
OUT	0	1	0.0000	1.0000
OUT	1	0	0.9286	0.0714
OUT	0	0	1.0000	0.0000
OUT	0	1	0.0000	1.0000
OUT	1	1	0.0000	1.0000
OUT	1	0	1.0000	0.0000
OUT	0	0	1.0000	0.0000
OUT	1	1	0.0000	1.0000
OUT	0	0	1.0000	0.0000
OUT	1	1	0.0000	1.0000
OUT	1	1	0.0000	1.0000
OUT	0	0	1.0000	0.0000
OUT	0	1	0.0000	1.0000
OUT	0	1	0.1670	0.8330
OUT	1	1	0.0000	1.0000
OUT	1	1	0.0000	1.0000
OUT	1	0	1.0000	0.0000
OUT	0	1	0.3545	0.6455
OUT	1	1	0.0000	1.0000
OUT	0	0	1.0000	0.0000
OUT	0	0	1.0000	0.0000
OUT	1	1	0.0000	1.0000
OUT	1	1	0.0006	0.9994
OUT	0	0	1.0000	0.0000
OUT	0	0	1.0000	0.0000
OUT	0	0	1.0000	0.0000
OUT	1	1	0.0000	1.0000
OUT	0	0	1.0000	0.0000
OUT	0	0	1.0000	0.0000
OUT	1	1	0.0000	1.0000
OUT	0	0	1.0000	0.0000
OUT	1	1	0.0000	1.0000
OUT	0	1	0.0020	0.9980
OUT	1	1	0.0000	1.0000
OUT	0	1	0.0000	1.0000
OUT	0	1	0.0000	1.0000
OUT	1	1	0.0000	1.0000
OUT	0	0	1.0000	0.0000
OUT	0	0	1.0000	0.0000
OUT	0	0	0.9381	0.0619
OUT	1	1	0.0000	1.0000
OUT	1	1	0.0000	1.0000
RES
OUT	0	0	0.9994	0.0006
OUT	0	0	1.0000	0.0000
OUT	0	0	1.0000	0.0000
OUT	1	0	0.5281	0.4719
OUT	0	0	0.8480	0.1520
OUT	0	0	1.0000	0.0000
OUT	0	0	1.0000	0.0000
OUT	0	0	1.0000	0.0000
OUT	0	0	1.0000	0.0000
OUT	1	1	0.0000	1.0000
OUT	0	1	0.0000	1.0000
OUT	0	0	1.0000	0.0000
OUT	0	0	0.9251	0.0749
OUT	1	1	0.0000	1.0000
OUT	0	0	1.0000	0.0000
OUT	1	1	0.0000	1.0000
OUT	1	0	0.9920	0.0080
OUT	0	0	1.0000	0.0000
OUT	1	1	0.0000	1.0000
OUT	1	1	0.0000	1.0000
OUT	0	0	1.0000	0.0000
OUT	1	1	0.0000	1.0000
OUT	1	1	0.0000	1.0000
OUT	1	1	0.0000	1.0000
OUT	1	1	0.0000	1.0000
OUT	1	1	0.0000	1.0000
OUT	0	0	0.9978	0.0022
OUT	1	1	0.0000	1.0000
OUT	1	1	0.0000	1.0000
OUT	0	0	1.0000	0.0000
OUT	1	1	0.0000	1.0000
OUT	1	0	0.9266	0.0734
OUT	0	0	1.0000	0.0000
OUT	1	1	0.0000	1.0000
OUT	1	1	0.0000	1.0000
OUT	0	0	1.0000	0.0000
OUT	1	1	0.0000	1.0000
OUT	0	0	1.0000	0.0000
OUT	1	1	0.0000	1.0000
OUT	1	1	0.0000	1.0000
OUT	0	0	1.0000	0.0000
OUT	0	0	0.9997	0.0003
OUT	0	1	0.0000	1.0000
OUT	1	1	0.0000	1.0000
OUT	0	1	0.0010	0.9990
OUT	1	1	0.0000	1.0000
OUT	1	1	0.0000	1.0000
OUT	1	1	0.0000	1.0000
OUT	0	0	1.0000	0.0000
OUT	1	0	1.0000	0.0000
OUT	0	1	0.0136	0.9864
OUT	0	0	1.0000	0.0000
OUT	1	1	0.0000	1.0000
OUT	0	1	0.0000	1.0000
OUT	1	0	1.0000	0.0000
OUT	0	0	1.0000	0.0000
OUT	1	1	0.0000	1.0000
OUT	1	1	0.0000	1.0000
OUT	1	0	1.0000	0.0000
OUT	0	1	0.2716	0.7284
OUT	0	0	1.0000	0.0000
OUT	0	1	0.0000	1.0000
OUT	1	1	0.0004	0.9996
OUT	1	1	0.0000	1.0000
OUT	1	1	0.0000	1.0000
OUT	1	1	0.0000	1.0000
OUT	1	1	0.0000	1.0000
OUT	1	1	0.0000	1.0000
OUT	1	1	0.0000	1.0000
OUT	1	1	0.0000	1.0000
OUT	1	1	0.0000	1.0000
OUT	1	1	0.0000	1.0000
OUT	0	0	1.0000	0.0000
OUT	1	1	0.0000	1.0000
OUT	0	0	1.0000	0.0000
OUT	0	0	1.0000	0.0000
OUT	0	0	1.0000	0.0000
OUT	0	0	1.0000	0.0000
OUT	0	1	0.0000	1.0000
OUT	0	1	0.1474	0.8526
OUT	1	0	1.0000	0.0000
OUT	1	1	0.0000	1.0000
OUT	0	0	1.0000	0.0000
OUT	0	0	1.0000	0.0000
OUT	1	1	0.0000	1.0000
OUT	0	0	1.0000	0.0000
OUT	0	0	1.0000	0.0000
OUT	0	0	1.0000	0.0000
OUT	1	1	0.0000	1.0000
OUT	1	1	0.0000	1.0000
OUT	1	0	1.0000	0.0000
OUT	0	0	0.9988	0.0012
OUT	0	1	0.0000	1.0000
OUT	0	0	1.0000	0.0000
OUT	1	1	0.0000	1.0000
OUT	0	1	0.0001	0.9999
OUT	0	1	0.0127	0.9873
OUT	0	1	0.0000	1.0000
OUT	0	1	0.0000	1.0000
OUT	1	1	0.0000	1.0000
OUT	0	0	1.0000	0.0000
OUT	0	0	1.0000	0.0000
OUT	0	0	1.0000	0.0000
OUT	1	1	0.0000	1.0000
OUT	0	1	0.0000	1.0000
OUT	0	0	1.0000	0.0000
OUT	1	1	0.0000	1.0000
OUT	0	0	1.0000	0.0000
OUT	1	1	0.0000	1.0000
OUT	0	1	0.0004	0.9996
OUT	1	1	0.0000	1.0000
OUT	1	0	1.0000	0.0000
OUT	0	0	1.0000	0.0000
OUT	1	0	1.0000	0.0000
OUT	1	1	0.0000	1.0000
OUT	0	1	0.0044	0.9956
OUT	1	1	0.0000	1.0000
OUT	1	1	0.0000	1.0000
OUT	0	0	1.0000	0.0000
OUT	0	0	1.0000	0.0000
OUT	0	0	1.0000	0.0000
OUT	0	0	0.9156	0.0844
OUT	1	1	0.0000	1.0000
OUT	1	1	0.0000	1.0000
OUT	1	1	0.0000	1.0000
OUT	0	1	0.0028	0.9972
OUT	1	1	0.0265	0.9735
OUT	1	1	0.0000	1.0000
OUT	1	1	0.0000	1.0000
OUT	1	1	0.0000	1.0000
OUT	1	1	0.0000	1.0000
OUT	0	0	1.0000	0.0000
OUT	1	1	0.0000	1.0000
OUT	0	0	1.0000	0.0000
OUT	1	1	0.0000	1.0000
OUT	1	1	0.0000	1.0000
OUT	1	1	0.0000	1.0000
OUT	1	1	0.0000	1.0000
OUT	1	1	0.0000	1.0000
OUT	1	1	0.0000	1.0000
OUT	0	0	0.9999	0.0001
OUT	0	0	1.0000	0.0000
OUT	0	0	1.0000	0.0000
OUT	1	1	0.0000	1.0000
OUT	0	0	1.0000	0.0000
OUT	1	1	0.0000	1.0000
OUT	0	0	1.0000	0.0000
OUT	0	0	1.0000	0.0000
OUT	1	1	0.0000	1.0000
OUT	0	0	0.9999	0.0001
OUT	1	1	0.0000	1.0000
OUT	0	1	0.0000	1.0000
OUT	0	0	1.0000	0.0000
OUT	1	1	0.0000	1.0000
OUT	0	1	0.0000	1.0000
OUT	0	0	1.0000	0.0000
OUT	0	0	1.0000	0.0000
OUT	0	0	1.0000	0.0000
OUT	1	1	0.0000	1.0000
OUT	1	0	1.0000	0.0000
OUT	0	1	0.0139	0.9861
OUT	1	1	0.4977	0.5023
OUT	0	0	1.0000	0.0000
OUT	1	1	0.0000	1.0000
OUT	1	1	0.0000	1.0000
OUT	1	1	0.0000	1.0000
OUT	1	1	0.0000	1.0000
OUT	0	0	1.0000	0.0000
OUT	1	1	0.0000	1.0000
OUT	0	1	0.0000	1.0000
OUT	1	0	1.0000	0.0000
OUT	0	0	1.0000	0.0000
OUT	0	0	1.0000	0.0000
OUT	0	1	0.0000	1.0000
OUT	1	1	0.0000	1.0000
OUT	0	1	0.0601	0.9399
OUT	0	0	1.0000	0.0000
OUT	1	1	0.0000	1.0000
OUT	0	0	0.9827	0.0173
OUT	1	1	0.0000	1.0000
OUT	1	1	0.0000	1.0000
OUT	1	1	0.0000	1.0000
OUT	0	0	1.0000	0.0000
OUT	0	1	0.0000	1.0000
OUT	1	1	0.0000	1.0000
OUT	1	1	0.0000	1.0000
OUT	1	0	1.0000	0.0000
OUT	0	1	0.1275	0.8725
OUT	1	1	0.0000	1.0000
OUT	0	1	0.0000	1.0000
OUT	0	1	0.0000	1.0000
OUT	0	0	1.0000	0.0000
OUT	1	1	0.0000	1.0000
OUT	0	0	1.0000	0.0000
OUT	0	0	1.0000	0.0000
OUT	0	1	0.0307	0.9693
OUT	1	1	0.3625	0.6375
OUT	0	0	1.0000	0.0000
OUT	0	1	0.0003	0.9997
OUT	1	0	1.0000	0.0000
OUT	1	1	0.0000	1.0000
OUT	1	1	0.0000	1.0000
OUT	0	0	1.0000	0.0000
OUT	1	0	1.0000	0.0000
OUT	1	1	0.0000	1.0000
OUT	1	0	1.0000	0.0000
OUT	0	1	0.2413	0.7587
OUT	0	0	0.9977	0.0023
OUT	1	1	0.0000	1.0000
OUT	0	0	0.9851	0.0149
OUT	1	1	0.0000	1.0000
OUT	0	0	1.0000	0.0000
OUT	1	1	0.0000	1.0000
OUT	1	0	0.6613	0.3387
OUT	0	0	1.0000	0.0000
OUT	1	1	0.0000	1.0000
OUT	0	0	1.0000	0.0000
OUT	1	1	0.0000	1.0000
OUT	1	1	0.0000	1.0000
OUT	1	0	1.0000	0.0000
OUT	1	1	0.0000	1.0000
OUT	1	1	0.0000	1.0000
OUT	1	1	0.0000	1.0000
OUT	0	0	1.0000	0.0000
OUT	0	0	0.7839	0.2161
OUT	0	0	1.0000	0.0000
OUT	1	1	0.0000	1.0000
OUT	0	0	1.0000	0.0000
OUT	0	0	1.0000	0.0000
OUT	0	0	1.0000	0.0000
OUT	1	1	0.0000	1.0000
OUT	0	0	1.0000	0.0000
OUT	1	0	0.9966	0.0034
OUT	1	0	1.0000	0.0000
OUT	0	0	1.0000	0.0000
OUT	0	0	1.0000	0.0000
OUT	0	0	1.0000	0.0000
OUT	1	1	0.0000	1.0000
OUT	0	0	0.9978	0.0022
OUT	0	1	0.0000	1.0000
OUT	0	1	0.0127	0.9873
OUT	0	0	1.0000	0.0000
OUT	0	0	1.0000	0.0000
OUT	0	1	0.0092	0.9908
OUT	0	0	1.0000	0.0000
OUT	0	1	0.0000	1.0000
OUT	1	1	0.0000	1.0000
OUT	0	1	0.0143	0.9857
OUT	0	0	0.9985	0.0015
OUT	1	1	0.0000	1.0000
OUT	0	1	0.1553	0.8447
OUT	1	1	0.0000	1.0000
OUT	1	1	0.0000	1.0000
OUT	1	0	1.0000	0.0000
OUT	0	0	1.0000	0.0000
OUT	1	1	0.0000	1.0000
OUT	1	1	0.0000	1.0000
OUT	0	0	1.0000	0.0000
OUT	1	1	0.0000	1.0000
OUT	0	0	1.0000	0.0000
OUT	0	0	1.0000	0.0000
OUT	0	1	0.0000	1.0000
OUT	0	0	1.0000	0.0000
OUT	0	0	0.9422	0.0578
OUT	1	1	0.0000	1.0000
OUT	1	0	1.0000	0.0000
OUT	1	1	0.0000	1.0000
OUT	0	0	1.0000	0.0000
OUT	0	1	0.0000	1.0000
OUT	0	0	1.0000	0.0000
OUT	1	1	0.0000	1.0000
OUT	0	1	0.0000	1.0000
OUT	0	0	1.0000	0.0000
OUT	0	0	1.0000	0.0000
OUT	1	1	0.0000	1.0000
OUT	1	1	0.0000	1.0000
OUT	1	1	0.0000	1.0000
OUT	1	1	0.0000	1.0000
OUT	1	1	0.0000	1.0000
OUT	1	1	0.0000	1.0000
OUT	1	1	0.0000	1.0000
OUT	0	0	1.0000	0.0000
OUT	0	0	1.0000	0.0000
OUT	0	1	0.0000	1.0000
OUT	1	1	0.0000	1.0000
OUT	1	1	0.0002	0.9998
OUT	0	0	1.0000	0.0000
OUT	0	0	1.0000	0.0000
OUT	1	0	1.0000	0.0000
OUT	0	0	0.9994	0.0006
OUT	0	0	0.9716	0.0284
OUT	1	1	0.0000	1.0000
OUT	0	0	1.0000	0.0000
OUT	0	0	0.9994	0.0006
OUT	0	0	1.0000	0.0000
OUT	1	1	0.0000	1.0000
OUT	0	0	1.0000	0.0000
OUT	0	0	1.0000	0.0000
OUT	0	0	1.0000	0.0000
OUT	1	0	1.0000	0.0000
